
macbook@MacBook-Pro aw-scaffold-eth-challenges % yarn deploy --reset
yarn run v1.22.19
$ yarn workspace @scaffold-eth/hardhat deploy --reset
$ hardhat deploy --export-all ../react-app/src/contracts/hardhat_contracts.json --reset
Nothing to compile
deploying "YourToken" (tx: 0x0d99da98b6c39a16073672feeb5aacddc45e575066bfd2d576f722a3364cb0dc)...: deployed at 0xC7248a60D966c355068D2C7340e435f815491565 with 637479 gas
deploying "Vendor" (tx: 0x355b691378c158444a1f91a808571bef60fbd4c19a5cc555dd7606049669b853)...: deployed at 0x01D94E2A4100B6d864d193946886fd5786324e11 with 496613 gas

 🏵  Sending all 1000 tokens to the vendor...


    ✅ confirming...


 🤹  Sending ownership to frontend address...


    ✅ confirming...

{
  to: '0x01D94E2A4100B6d864d193946886fd5786324e11',
  from: '0x4Ebd10201654a3b9c535a7B5Ca4494D12c2B154A',
  contractAddress: null,
  transactionIndex: 2,
  gasUsed: BigNumber { _hex: '0x6f9c', _isBigNumber: true },
  logsBloom: '0x00000000000000000000000000000008000000000000000000800000000000000000000000000000000000000000000000000000000000000000000000000000000000000000000000000000000000000001000000000000000000000000000000100000000000000000000001000000000000000000000000000000000000400002000000000002000000000000000000000000000200000000000000000000000000000000200000000000000000000000000000000000000000000000000000000000000000002000000000000000000000000000000000000000000000000000000000000000000000000000000000000000000010000000000000000000',
  blockHash: '0x3f28ac7500430e83997a9a786b0ef5e05949f782620447f5d5e1c81f2e6cd9b3',
  transactionHash: '0x639ae06047e3bd8cde5cb3960ac37dc146e0cc410237d012a34c92763fb2b7ec',
  logs: [
    {
      transactionIndex: 2,
      blockNumber: 12722759,
      transactionHash: '0x639ae06047e3bd8cde5cb3960ac37dc146e0cc410237d012a34c92763fb2b7ec',
      address: '0x01D94E2A4100B6d864d193946886fd5786324e11',
      topics: [Array],
      data: '0x',
      logIndex: 1,
      blockHash: '0x3f28ac7500430e83997a9a786b0ef5e05949f782620447f5d5e1c81f2e6cd9b3'
    }
  ],
  blockNumber: 12722759,
  confirmations: 1,
  cumulativeGasUsed: BigNumber { _hex: '0x05b7ec', _isBigNumber: true },
  effectiveGasPrice: BigNumber { _hex: '0x481f227f', _isBigNumber: true },
  status: 1,
  type: 2,
  byzantium: true,
  events: [
    {
      transactionIndex: 2,
      blockNumber: 12722759,
      transactionHash: '0x639ae06047e3bd8cde5cb3960ac37dc146e0cc410237d012a34c92763fb2b7ec',
      address: '0x01D94E2A4100B6d864d193946886fd5786324e11',
      topics: [Array],
      data: '0x',
      logIndex: 1,
      blockHash: '0x3f28ac7500430e83997a9a786b0ef5e05949f782620447f5d5e1c81f2e6cd9b3',
      args: [Array],
      decode: [Function (anonymous)],
      event: 'OwnershipTransferred',
      eventSignature: 'OwnershipTransferred(address,address)',
      removeListener: [Function (anonymous)],
      getBlock: [Function (anonymous)],
      getTransaction: [Function (anonymous)],
      getTransactionReceipt: [Function (anonymous)]
    }
  ]
}
 🎫 Verifing Contract on Etherscan...
Nothing to compile
NomicLabsHardhatPluginError: The constructor for contracts/Vendor.sol:Vendor has 1 parameters
but 0 arguments were provided instead.
    at Object.encodeArguments (/Users/macbook/work/aw-scaffold-eth-challenges/packages/hardhat/node_modules/@nomiclabs/hardhat-etherscan/src/ABIEncoder.ts:29:13)
    at SimpleTaskDefinition.verifySubtask [as action] (/Users/macbook/work/aw-scaffold-eth-challenges/packages/hardhat/node_modules/@nomiclabs/hardhat-etherscan/src/index.ts:265:34)
    at Environment._runTaskDefinition (/Users/macbook/work/aw-scaffold-eth-challenges/packages/hardhat/node_modules/hardhat/src/internal/core/runtime-environment.ts:217:14)
    at Environment.run (/Users/macbook/work/aw-scaffold-eth-challenges/packages/hardhat/node_modules/hardhat/src/internal/core/runtime-environment.ts:129:14)
    at Object.module.exports [as func] (/Users/macbook/work/aw-scaffold-eth-challenges/packages/hardhat/deploy/01_deploy_vendor.js:45:7)
    at DeploymentsManager.executeDeployScripts (/Users/macbook/work/aw-scaffold-eth-challenges/packages/hardhat/node_modules/hardhat-deploy/src/DeploymentsManager.ts:1055:22)
    at DeploymentsManager.runDeploy (/Users/macbook/work/aw-scaffold-eth-challenges/packages/hardhat/node_modules/hardhat-deploy/src/DeploymentsManager.ts:891:5)
    at Environment._runTaskDefinition (/Users/macbook/work/aw-scaffold-eth-challenges/packages/hardhat/node_modules/hardhat/src/internal/core/runtime-environment.ts:217:14)
    at Environment.run (/Users/macbook/work/aw-scaffold-eth-challenges/packages/hardhat/node_modules/hardhat/src/internal/core/runtime-environment.ts:129:14)
    at SimpleTaskDefinition.action (/Users/macbook/work/aw-scaffold-eth-challenges/packages/hardhat/node_modules/hardhat-deploy/src/index.ts:528:32)

    Caused by: Error: types/values length mismatch (count={"types":1,"values":0}, value={"types":[{"name":"tokenAddress","type":"address","indexed":null,"components":null,"arrayLength":null,"arrayChildren":null,"baseType":"address","_isParamType":true}],"values":[]}, code=INVALID_ARGUMENT, version=abi/5.4.0)
        at Logger.makeError (/Users/macbook/work/aw-scaffold-eth-challenges/packages/hardhat/node_modules/@ethersproject/logger/src.ts/index.ts:213:28)
        at Logger.throwError (/Users/macbook/work/aw-scaffold-eth-challenges/packages/hardhat/node_modules/@ethersproject/logger/src.ts/index.ts:225:20)
        at AbiCoder.encode (/Users/macbook/work/aw-scaffold-eth-challenges/packages/hardhat/node_modules/@ethersproject/abi/src.ts/abi-coder.ts:102:20)
        at Interface._encodeParams (/Users/macbook/work/aw-scaffold-eth-challenges/packages/hardhat/node_modules/@ethersproject/abi/src.ts/interface.ts:325:31)
        at Interface.encodeDeploy (/Users/macbook/work/aw-scaffold-eth-challenges/packages/hardhat/node_modules/@ethersproject/abi/src.ts/interface.ts:329:21)
        at Object.encodeArguments (/Users/macbook/work/aw-scaffold-eth-challenges/packages/hardhat/node_modules/@nomiclabs/hardhat-etherscan/src/ABIEncoder.ts:22:8)
        at SimpleTaskDefinition.verifySubtask [as action] (/Users/macbook/work/aw-scaffold-eth-challenges/packages/hardhat/node_modules/@nomiclabs/hardhat-etherscan/src/index.ts:265:34)
        at Environment._runTaskDefinition (/Users/macbook/work/aw-scaffold-eth-challenges/packages/hardhat/node_modules/hardhat/src/internal/core/runtime-environment.ts:217:14)
        at Environment.run (/Users/macbook/work/aw-scaffold-eth-challenges/packages/hardhat/node_modules/hardhat/src/internal/core/runtime-environment.ts:129:14)
        at Object.module.exports [as func] (/Users/macbook/work/aw-scaffold-eth-challenges/packages/hardhat/deploy/01_deploy_vendor.js:45:7)
 ⚠️ Failed to verify contract on Etherscan
$ hardhat run scripts/publish.js
✅  Published contracts to the subgraph package.
✨  Done in 101.86s.
